<?xml version="1.0" encoding="UTF-8"?>
<testsuite xmlns:xsi="http://www.w3.org/2001/XMLSchema-instance" xsi:noNamespaceSchemaLocation="https://maven.apache.org/surefire/maven-surefire-plugin/xsd/surefire-test-report-3.0.xsd" version="3.0" name="fr.istic.vv.StringUtilsTest" time="0.066" tests="9" errors="0" skipped="0" failures="0">
  <properties>
[...]
</properties>
  <testcase name="testStringsWithOtherCharacters" classname="fr.istic.vv.StringUtilsTest" time="0.032"/>
  <testcase name="testNestedDifferentBrackets" classname="fr.istic.vv.StringUtilsTest" time="0.001"/>
  <testcase name="testStringWithoutParentheses" classname="fr.istic.vv.StringUtilsTest" time="0.001"/>
  <testcase name="testNestedBalancedStrings" classname="fr.istic.vv.StringUtilsTest" time="0.001"/>
  <testcase name="testUnmatchedOpeningBrackets" classname="fr.istic.vv.StringUtilsTest" time="0.001"/>
  <testcase name="testSimpleBalancedStrings" classname="fr.istic.vv.StringUtilsTest" time="0.001"/>
  <testcase name="testEmptyString" classname="fr.istic.vv.StringUtilsTest" time="0.001"/>
  <testcase name="testUnbalancedStrings" classname="fr.istic.vv.StringUtilsTest" time="0.001"/>
  <testcase name="testMismatchedPairs" classname="fr.istic.vv.StringUtilsTest" time="0.002"/>
</testsuite>